["```kt\n$ ./gradlew installDebug\n\n```", "```kt\nConfiguring > 3/3 projects\n…\n:app:assembleDebug \n:app:installDebug\nInstalling APK 'app'-debug.'apk' on 'emulator-5554'Installing APK 'app'-debug.'apk'on 'Samsung'Galaxy 'S4'\nInstalled on 2 devices.\n\nBUILD SUCCESSFUL\nTotal time: 11.011 secs\n\n```", "```kt\nadb -s emulator-5554 shell am start -a android.intent.action.MAIN -n com.blundell.tut/.EspressoActivity\n\n```", "```kt\n:app:connectedAndroidTest\nBUILD SUCCESSFUL\nTotal time: 9.812 secs\n\n```", "```kt\n:app:connectedAndroidTest\ncom.blundell.tut.ExampleEspressoTest > testClickingButtonShowsImage[emulator-5554]FAILED \nandroid.view.ViewRootImpl$CalledFromWrongThreadException: Only the original thread that created a view hierarchy can touch its views.\n at android.view.ViewRootImpl.checkThread(ViewRootImpl.java:6024)\nFAILURE: Build failed with an exception.\n* What went wrong:\nExecution failed for task ':app:connectedAndroidTest.\n> There were failing tests. See the report at: file:///AndroidApplicationTestingGuide/app/build/outputs/reports/androidTests/connected/index.html\n…\nBUILD FAILED\nTotal time: 15.532 secs.\n\n```", "```kt\n$ mkdir AndroidApplicationTestingGuide\n$ cd AndroidApplicationTestingGuide\n$ git init\n$ cp -a <path/to/original>/AndroidApplicationTestingGuide/\n$ gradlew clean\n$ rm local.properties\n$ git add .\n$ git commit -m \"Initial commit\"\n\n```", "```kt\n$ java -jar ~/jenkins/jenkins-1.592.war\n\n```", "```kt\n  public final void testForceFailure() {\n    fail(\"fail test is fail\");\n  }\n```"]